2024-11-05 14:43:11 - INFO - aio_pika.robust_connection: Connection to amqp://guest:******@localhost:5672/ closed. Reconnecting after 5 seconds.
2024-11-05 14:43:58 - INFO - aio_pika.robust_connection: Connection to amqp://guest:******@localhost:5672/ closed. Reconnecting after 5 seconds.
2024-11-05 14:44:30 - INFO - __main__: Connected to RabbitMQ
2024-11-05 14:44:30 - INFO - __main__: Server is listening on queue: bews
2024-11-05 14:44:30 - INFO - __main__: Server is running. Press Ctrl+C to stop.
2024-11-05 14:44:38 - INFO - __main__: Received Request: ID=cb738383-d9b3-428f-9b63-049f9e000dca, Request=PING, Return Address=amq.gen-HJXA4qY8jtlNRCfWck7AdQ
2024-11-05 14:44:38 - INFO - __main__: Sent heartbeat response: PONG to amq.gen-HJXA4qY8jtlNRCfWck7AdQ
2024-11-05 14:45:02 - INFO - __main__: Connected to RabbitMQ
2024-11-05 14:45:02 - INFO - __main__: Server is listening on queue: bews
2024-11-05 14:45:02 - INFO - __main__: Server is running. Press Ctrl+C to stop.
2024-11-05 14:45:02 - INFO - __main__: Received Request: ID=a93929d3-b14f-41a1-86dd-6bb0e036f282, Request=PING, Return Address=amq.gen-HJXA4qY8jtlNRCfWck7AdQ
2024-11-05 14:45:02 - INFO - __main__: Sent heartbeat response: PONG to amq.gen-HJXA4qY8jtlNRCfWck7AdQ
2024-11-05 14:45:02 - INFO - __main__: Received Request: ID=dce9a040-e836-4215-a4a6-d5e7b8222b6f, Request=23, Return Address=amq.gen-HJXA4qY8jtlNRCfWck7AdQ
2024-11-05 14:45:02 - INFO - __main__: Sent response: 46 to amq.gen-HJXA4qY8jtlNRCfWck7AdQ
2024-11-05 14:45:02 - INFO - __main__: Received Request: ID=13a3e593-47a9-4fca-b388-57f47eda6b74, Request=PING, Return Address=amq.gen-HJXA4qY8jtlNRCfWck7AdQ
2024-11-05 14:45:02 - INFO - __main__: Sent heartbeat response: PONG to amq.gen-HJXA4qY8jtlNRCfWck7AdQ
2024-11-05 14:45:08 - INFO - __main__: Received Request: ID=fea58cc5-7e68-4e75-b4f9-1d850a8e1de6, Request=PING, Return Address=amq.gen-HJXA4qY8jtlNRCfWck7AdQ
2024-11-05 14:45:08 - INFO - __main__: Sent heartbeat response: PONG to amq.gen-HJXA4qY8jtlNRCfWck7AdQ
2024-11-05 16:18:08 - INFO - __main__: Connected to RabbitMQ
2024-11-05 16:18:08 - INFO - __main__: Server is listening on queue: bews
2024-11-05 16:18:08 - INFO - __main__: Server is running. Press Ctrl+C to stop.
2024-11-05 16:18:23 - INFO - __main__: Received Request: ID=678773ad-c122-471b-bd21-e0b8c15bd946, Request=PING, Return Address=amq.gen-cReVZo7vhkBy4Mf_j5OvOA
2024-11-05 16:18:23 - INFO - __main__: Sent heartbeat response: PONG to amq.gen-cReVZo7vhkBy4Mf_j5OvOA
2024-11-05 16:20:00 - INFO - __main__: Connected to RabbitMQ
2024-11-05 16:20:00 - INFO - __main__: Server is listening on queue: bews
2024-11-05 16:20:00 - INFO - __main__: Server is running. Press Ctrl+C to stop.
2024-11-05 16:20:00 - INFO - __main__: Received Request: ID=ee146cec-87a1-47ad-bb80-0357bb925b9d, Request=PING, Return Address=amq.gen-OVYjiipYS_NdaTcoZ-uM-w
2024-11-05 16:20:00 - INFO - __main__: Sent heartbeat response: PONG to amq.gen-OVYjiipYS_NdaTcoZ-uM-w
2024-11-06 10:49:45 - INFO - __main__: Connected to RabbitMQ
2024-11-06 10:49:45 - INFO - __main__: Server is listening on queue: bews
2024-11-06 10:49:45 - INFO - __main__: Server is running. Press Ctrl+C to stop.
2024-11-06 10:49:53 - INFO - __main__: Received Request: ID=363afee6-4362-4b92-95ae-b7f89b245e49, Request=PING, Return Address=amq.gen-YVV2RhAxXPwWmIhLDVpRVA
2024-11-06 10:49:53 - INFO - __main__: Sent heartbeat response: PONG to amq.gen-YVV2RhAxXPwWmIhLDVpRVA
2024-11-06 10:50:04 - INFO - __main__: Received Request: ID=448706f5-5509-4737-b022-abc8fb05edd7, Request=PING, Return Address=amq.gen-YVV2RhAxXPwWmIhLDVpRVA
2024-11-06 10:50:04 - INFO - __main__: Sent heartbeat response: PONG to amq.gen-YVV2RhAxXPwWmIhLDVpRVA
2024-11-06 10:50:10 - INFO - __main__: Received Request: ID=278dbded-68ee-44f7-a212-78797b9fe3d8, Request=2313143, Return Address=amq.gen-YVV2RhAxXPwWmIhLDVpRVA
2024-11-06 10:50:10 - INFO - __main__: Sent response: 4626286 to amq.gen-YVV2RhAxXPwWmIhLDVpRVA
2024-11-06 10:50:14 - INFO - __main__: Received Request: ID=10ee2ece-bef2-4899-83de-1663b4f369cc, Request=PING, Return Address=amq.gen-YVV2RhAxXPwWmIhLDVpRVA
2024-11-06 10:50:14 - INFO - __main__: Sent heartbeat response: PONG to amq.gen-YVV2RhAxXPwWmIhLDVpRVA
2024-11-06 10:50:22 - INFO - __main__: Received Request: ID=5f01d86d-1ace-42c3-8beb-05df8591be36, Request=32131313, Return Address=amq.gen-YVV2RhAxXPwWmIhLDVpRVA
2024-11-06 10:50:22 - INFO - __main__: Sent response: 64262626 to amq.gen-YVV2RhAxXPwWmIhLDVpRVA
2024-11-06 10:50:24 - INFO - __main__: Received Request: ID=7fc9f2af-fdc8-4d97-a9ca-7dd9eada1785, Request=PING, Return Address=amq.gen-YVV2RhAxXPwWmIhLDVpRVA
2024-11-06 10:50:24 - INFO - __main__: Sent heartbeat response: PONG to amq.gen-YVV2RhAxXPwWmIhLDVpRVA
2024-11-06 10:50:34 - INFO - __main__: Received Request: ID=d063a0e7-b530-46d0-8561-ce218478749c, Request=PING, Return Address=amq.gen-YVV2RhAxXPwWmIhLDVpRVA
2024-11-06 10:50:34 - INFO - __main__: Sent heartbeat response: PONG to amq.gen-YVV2RhAxXPwWmIhLDVpRVA
2024-11-06 10:50:38 - INFO - __main__: Received Request: ID=b072c756-a3da-4128-b67e-49e04f836bc3, Request=423, Return Address=amq.gen-YVV2RhAxXPwWmIhLDVpRVA
2024-11-06 10:50:38 - INFO - __main__: Sent response: 846 to amq.gen-YVV2RhAxXPwWmIhLDVpRVA
2024-11-06 10:50:44 - INFO - __main__: Received Request: ID=9ef57afa-9568-4b94-9556-970536317c75, Request=PING, Return Address=amq.gen-YVV2RhAxXPwWmIhLDVpRVA
2024-11-06 10:50:44 - INFO - __main__: Sent heartbeat response: PONG to amq.gen-YVV2RhAxXPwWmIhLDVpRVA
2024-11-06 10:50:54 - INFO - __main__: Received Request: ID=f2a8e8d7-ab26-4ad4-aa5a-6a947393dd74, Request=PING, Return Address=amq.gen-YVV2RhAxXPwWmIhLDVpRVA
2024-11-06 10:50:54 - INFO - __main__: Sent heartbeat response: PONG to amq.gen-YVV2RhAxXPwWmIhLDVpRVA
2024-11-06 10:50:59 - INFO - __main__: Received Request: ID=a0020925-1e44-4473-8df2-35ba5952d496, Request=32131231231232131313123123213124124124124142141243214124124214, Return Address=amq.gen-YVV2RhAxXPwWmIhLDVpRVA
2024-11-06 10:50:59 - INFO - __main__: Sent response: 64262462462464262626246246426248248248248284282486428248248428 to amq.gen-YVV2RhAxXPwWmIhLDVpRVA
2024-11-06 10:51:04 - INFO - __main__: Received Request: ID=0465f7bc-1304-490b-98fe-d5b2702dcfbf, Request=PING, Return Address=amq.gen-YVV2RhAxXPwWmIhLDVpRVA
2024-11-06 10:51:04 - INFO - __main__: Sent heartbeat response: PONG to amq.gen-YVV2RhAxXPwWmIhLDVpRVA
2024-11-06 10:51:14 - INFO - __main__: Received Request: ID=ed0a6a9b-cad8-46ff-87d1-87db396e1fb0, Request=PING, Return Address=amq.gen-YVV2RhAxXPwWmIhLDVpRVA
2024-11-06 10:51:14 - INFO - __main__: Sent heartbeat response: PONG to amq.gen-YVV2RhAxXPwWmIhLDVpRVA
2024-11-06 10:51:23 - INFO - __main__: Received Request: ID=0ad8099e-be71-451f-86fc-cf2bbc3078b2, Request=PING, Return Address=amq.gen-rODhUVkGv5gA33tULRUxgA
2024-11-06 10:51:23 - INFO - __main__: Sent heartbeat response: PONG to amq.gen-rODhUVkGv5gA33tULRUxgA
2024-11-06 10:51:24 - INFO - __main__: Received Request: ID=7dba7f80-c522-43f4-8864-dc7f4696f0c2, Request=PING, Return Address=amq.gen-YVV2RhAxXPwWmIhLDVpRVA
2024-11-06 10:51:24 - INFO - __main__: Sent heartbeat response: PONG to amq.gen-YVV2RhAxXPwWmIhLDVpRVA
2024-11-06 10:51:28 - INFO - __main__: Received Request: ID=93b3f013-8295-4404-ba91-2c2bdf968f83, Request=1231312312, Return Address=amq.gen-rODhUVkGv5gA33tULRUxgA
2024-11-06 10:51:28 - INFO - __main__: Sent response: 2462624624 to amq.gen-rODhUVkGv5gA33tULRUxgA
2024-11-06 10:51:50 - INFO - __main__: Connected to RabbitMQ
2024-11-06 10:51:50 - INFO - __main__: Server is listening on queue: bews
2024-11-06 10:51:50 - INFO - __main__: Server is running. Press Ctrl+C to stop.
2024-11-06 10:51:50 - INFO - __main__: Received Request: ID=b733d7bc-d98b-426e-8e9a-9f78d6e93002, Request=PING, Return Address=amq.gen-rODhUVkGv5gA33tULRUxgA
2024-11-06 10:51:50 - INFO - __main__: Sent heartbeat response: PONG to amq.gen-rODhUVkGv5gA33tULRUxgA
2024-11-06 10:51:50 - INFO - __main__: Received Request: ID=d5ecf22e-f17c-43ed-a9e1-e5f8854e191f, Request=PING, Return Address=amq.gen-YVV2RhAxXPwWmIhLDVpRVA
2024-11-06 10:51:50 - INFO - __main__: Sent heartbeat response: PONG to amq.gen-YVV2RhAxXPwWmIhLDVpRVA
2024-11-06 10:51:50 - INFO - __main__: Received Request: ID=531a072f-c328-4957-81d4-e15ca9ebfddf, Request=2313, Return Address=amq.gen-rODhUVkGv5gA33tULRUxgA
2024-11-06 10:51:50 - INFO - __main__: Sent response: 4626 to amq.gen-rODhUVkGv5gA33tULRUxgA
2024-11-06 10:51:50 - INFO - __main__: Received Request: ID=979f1170-997e-4f38-b72b-801f66b65cb9, Request=3123, Return Address=amq.gen-YVV2RhAxXPwWmIhLDVpRVA
2024-11-06 10:51:50 - INFO - __main__: Sent response: 6246 to amq.gen-YVV2RhAxXPwWmIhLDVpRVA
2024-11-06 10:51:50 - INFO - __main__: Received Request: ID=f049c766-72c6-4e4a-899f-d02ea34be17a, Request=PING, Return Address=amq.gen-rODhUVkGv5gA33tULRUxgA
2024-11-06 10:51:50 - INFO - __main__: Sent heartbeat response: PONG to amq.gen-rODhUVkGv5gA33tULRUxgA
2024-11-06 10:51:50 - INFO - __main__: Received Request: ID=1923abb1-b4db-4d67-a692-c523a2a81a58, Request=PING, Return Address=amq.gen-YVV2RhAxXPwWmIhLDVpRVA
2024-11-06 10:51:50 - INFO - __main__: Sent heartbeat response: PONG to amq.gen-YVV2RhAxXPwWmIhLDVpRVA
2024-11-06 10:51:54 - INFO - __main__: Received Request: ID=4b082d00-5bcb-4b8e-9a76-45608199cdc6, Request=PING, Return Address=amq.gen-YVV2RhAxXPwWmIhLDVpRVA
2024-11-06 10:51:54 - INFO - __main__: Sent heartbeat response: PONG to amq.gen-YVV2RhAxXPwWmIhLDVpRVA
2024-11-06 10:51:54 - INFO - __main__: Received Request: ID=13d9d145-8385-45e7-b018-1131e05db29b, Request=PING, Return Address=amq.gen-rODhUVkGv5gA33tULRUxgA
2024-11-06 10:51:54 - INFO - __main__: Sent heartbeat response: PONG to amq.gen-rODhUVkGv5gA33tULRUxgA
2024-11-06 10:52:00 - INFO - __main__: Received Request: ID=4182ab66-51d0-4a4f-96bf-39c69aa0ede4, Request=3, Return Address=amq.gen-rODhUVkGv5gA33tULRUxgA
2024-11-06 10:52:00 - INFO - __main__: Sent response: 6 to amq.gen-rODhUVkGv5gA33tULRUxgA
2024-11-06 10:52:01 - INFO - __main__: Received Request: ID=36ef94fd-630f-48f2-9d21-cff125010960, Request=3, Return Address=amq.gen-YVV2RhAxXPwWmIhLDVpRVA
2024-11-06 10:52:01 - INFO - __main__: Sent response: 6 to amq.gen-YVV2RhAxXPwWmIhLDVpRVA
2024-11-06 11:03:35 - INFO - __main__: Received Request: ID=5a6f7f2a-e461-4f5a-932d-fbf0debf8072, Request=PING, Return Address=amq.gen-ILTdKTaLOuqKV4uUoyqizw
2024-11-06 11:03:35 - INFO - __main__: Sent heartbeat response: PONG to amq.gen-ILTdKTaLOuqKV4uUoyqizw
2024-11-06 11:06:28 - INFO - __main__: Received Request: ID=bc0cd98e-5395-4208-859d-6d555909262a, Request=PING, Return Address=amq.gen-86FX0zjIPjFUycw-TCdPqg
2024-11-06 11:06:28 - INFO - __main__: Sent heartbeat response: PONG to amq.gen-86FX0zjIPjFUycw-TCdPqg
2024-11-06 11:11:05 - INFO - __main__: Received Request: ID=88ae1b28-57e3-49f1-ac43-3ac2b78d716e, Request=PING, Return Address=amq.gen-ZBKTEFpYS-wG2OxGDl-9SA
2024-11-06 11:11:05 - INFO - __main__: Sent heartbeat response: PONG to amq.gen-ZBKTEFpYS-wG2OxGDl-9SA
2024-11-06 11:12:27 - INFO - __main__: Received Request: ID=02fe19da-3029-4918-b4ba-e39e95ab343a, Request=PING, Return Address=amq.gen-g9sn6nKIs2AvF4Dbq4weGg
2024-11-06 11:12:27 - INFO - __main__: Sent heartbeat response: PONG to amq.gen-g9sn6nKIs2AvF4Dbq4weGg
2024-11-06 11:12:50 - INFO - __main__: Received Request: ID=e68f4a4e-e058-4c20-b751-305b9f744f80, Request=PING, Return Address=amq.gen-wudAVWIjKChiafNziY0Jug
2024-11-06 11:12:50 - INFO - __main__: Sent heartbeat response: PONG to amq.gen-wudAVWIjKChiafNziY0Jug
2024-11-06 11:13:00 - INFO - __main__: Received Request: ID=b5a77f3e-b773-4388-a4a1-d24b5b83afae, Request=PING, Return Address=amq.gen-wudAVWIjKChiafNziY0Jug
2024-11-06 11:13:00 - INFO - __main__: Sent heartbeat response: PONG to amq.gen-wudAVWIjKChiafNziY0Jug
2024-11-06 11:13:13 - INFO - __main__: Received Request: ID=5ce0ff2e-6bb4-4287-8cba-2487884bb97d, Request=PING, Return Address=amq.gen-v_vE1BX_rN7UHy0IF_aETg
2024-11-06 11:13:13 - INFO - __main__: Sent heartbeat response: PONG to amq.gen-v_vE1BX_rN7UHy0IF_aETg
2024-11-06 11:13:23 - INFO - __main__: Received Request: ID=1fc53f70-06ec-4304-ab7a-b0ae0a85f16e, Request=PING, Return Address=amq.gen-v_vE1BX_rN7UHy0IF_aETg
2024-11-06 11:13:23 - INFO - __main__: Sent heartbeat response: PONG to amq.gen-v_vE1BX_rN7UHy0IF_aETg
2024-11-06 11:13:33 - INFO - __main__: Received Request: ID=cbb0613f-378c-4dcf-8028-693756aa5673, Request=PING, Return Address=amq.gen-v_vE1BX_rN7UHy0IF_aETg
2024-11-06 11:13:33 - INFO - __main__: Sent heartbeat response: PONG to amq.gen-v_vE1BX_rN7UHy0IF_aETg
2024-11-06 11:13:50 - INFO - __main__: Received Request: ID=a271817b-24e6-4116-b24b-f866ca73875a, Request=PING, Return Address=amq.gen-K4btDO6KW50s3orMHEupSA
2024-11-06 11:13:50 - INFO - __main__: Sent heartbeat response: PONG to amq.gen-K4btDO6KW50s3orMHEupSA
2024-11-06 11:13:55 - INFO - __main__: Received Request: ID=d9b4244c-13f5-4f8d-80bb-4502be042342, Request=2321321312, Return Address=amq.gen-K4btDO6KW50s3orMHEupSA
2024-11-06 11:13:55 - INFO - __main__: Processing request for 5.0 seconds
2024-11-06 11:14:00 - INFO - __main__: Sent response: 4642642624 to amq.gen-K4btDO6KW50s3orMHEupSA
2024-11-06 11:14:00 - INFO - __main__: Received Request: ID=ca605715-f4b5-4d30-a44a-b8efaa091429, Request=PING, Return Address=amq.gen-K4btDO6KW50s3orMHEupSA
2024-11-06 11:14:00 - INFO - __main__: Sent heartbeat response: PONG to amq.gen-K4btDO6KW50s3orMHEupSA
2024-11-06 11:14:40 - INFO - __main__: Received Request: ID=cdc31bb8-2032-4ca9-a6d0-05be53139808, Request=PING, Return Address=amq.gen-cYpvcLXFTV6lUMyncAWmCA
2024-11-06 11:14:40 - INFO - __main__: Sent heartbeat response: PONG to amq.gen-cYpvcLXFTV6lUMyncAWmCA
2024-11-06 11:14:50 - INFO - __main__: Received Request: ID=adc919c2-aad9-41e6-9161-c71e602107ea, Request=PING, Return Address=amq.gen-cYpvcLXFTV6lUMyncAWmCA
2024-11-06 11:14:50 - INFO - __main__: Sent heartbeat response: PONG to amq.gen-cYpvcLXFTV6lUMyncAWmCA
2024-11-06 11:14:59 - INFO - __main__: Received Request: ID=9f8bf447-23f5-43f1-8a6d-f2a6a19ea8b0, Request=PING, Return Address=amq.gen-Z90c5gGoGiETl0CPyG0TdQ
2024-11-06 11:14:59 - INFO - __main__: Sent heartbeat response: PONG to amq.gen-Z90c5gGoGiETl0CPyG0TdQ
2024-11-06 11:15:09 - INFO - __main__: Received Request: ID=42fca09d-affa-498a-b175-c9aa46bed568, Request=PING, Return Address=amq.gen-Z90c5gGoGiETl0CPyG0TdQ
2024-11-06 11:15:09 - INFO - __main__: Sent heartbeat response: PONG to amq.gen-Z90c5gGoGiETl0CPyG0TdQ
2024-11-06 11:15:33 - INFO - __main__: Received Request: ID=3d1f8e3c-2635-4074-989d-5d757e1cbb5f, Request=PING, Return Address=amq.gen-LL3pjVlcfE5NjnLmASvckw
2024-11-06 11:15:33 - INFO - __main__: Sent heartbeat response: PONG to amq.gen-LL3pjVlcfE5NjnLmASvckw
2024-11-06 11:15:43 - INFO - __main__: Received Request: ID=52e7e7aa-d2db-40ed-978f-3062442f9454, Request=PING, Return Address=amq.gen-LL3pjVlcfE5NjnLmASvckw
2024-11-06 11:15:43 - INFO - __main__: Sent heartbeat response: PONG to amq.gen-LL3pjVlcfE5NjnLmASvckw
2024-11-06 11:15:53 - INFO - __main__: Received Request: ID=b3d22c79-bb35-451c-82b8-6ca8e0e9d9fe, Request=PING, Return Address=amq.gen-LL3pjVlcfE5NjnLmASvckw
2024-11-06 11:15:53 - INFO - __main__: Sent heartbeat response: PONG to amq.gen-LL3pjVlcfE5NjnLmASvckw
2024-11-06 11:16:03 - INFO - __main__: Received Request: ID=4400a7a3-7a55-4405-81e6-f940044ed842, Request=PING, Return Address=amq.gen-LL3pjVlcfE5NjnLmASvckw
2024-11-06 11:16:03 - INFO - __main__: Sent heartbeat response: PONG to amq.gen-LL3pjVlcfE5NjnLmASvckw
2024-11-06 11:16:05 - INFO - __main__: Received Request: ID=5c03767c-a434-4cd8-8fb7-d82bae8db0f5, Request=312312, Return Address=amq.gen-LL3pjVlcfE5NjnLmASvckw
2024-11-06 11:16:05 - INFO - __main__: Processing request for 10.0 seconds
2024-11-06 11:16:09 - INFO - __main__: Received Request: ID=37ce62d2-72aa-4d59-8b3c-4a4c454ab618, Request=31323, Return Address=amq.gen-LL3pjVlcfE5NjnLmASvckw
2024-11-06 11:16:09 - INFO - __main__: Processing request for 10.0 seconds
2024-11-06 11:16:13 - INFO - __main__: Received Request: ID=5e0e4ae7-16b2-462c-916d-e3c95bff79b0, Request=PING, Return Address=amq.gen-LL3pjVlcfE5NjnLmASvckw
2024-11-06 11:16:13 - INFO - __main__: Sent heartbeat response: PONG to amq.gen-LL3pjVlcfE5NjnLmASvckw
2024-11-06 11:16:15 - INFO - __main__: Sent response: 624624 to amq.gen-LL3pjVlcfE5NjnLmASvckw
2024-11-06 11:16:19 - INFO - __main__: Sent response: 62646 to amq.gen-LL3pjVlcfE5NjnLmASvckw
2024-11-06 11:16:23 - INFO - __main__: Received Request: ID=f5f9a255-ac40-4858-a21f-7715b1d9af45, Request=PING, Return Address=amq.gen-LL3pjVlcfE5NjnLmASvckw
2024-11-06 11:16:23 - INFO - __main__: Sent heartbeat response: PONG to amq.gen-LL3pjVlcfE5NjnLmASvckw
